<?xml version="1.0" encoding="UTF-8"?>
<!-- Generated by org.testng.reporters.JUnitReportReporter -->
<testsuite hostname="Rocky" name="MyMavenProject.MavenProject.CreateAcountOnFacebook" tests="1" failures="0" timestamp="1 Mar 2018 16:10:50 GMT" time="0.501" errors="0">
  <testcase name="test" time="0.501" classname="MyMavenProject.MavenProject.CreateAcountOnFacebook"/>
</testsuite> <!-- MyMavenProject.MavenProject.CreateAcountOnFacebook -->
