<?xml version="1.0" encoding="UTF-8"?>
<!-- Generated by org.testng.reporters.JUnitReportReporter -->
<testsuite hostname="Rocky" name="test_case.F_C_Test" tests="1" failures="0" timestamp="1 Mar 2018 15:42:47 GMT" time="10.760" errors="0">
  <testcase name="test001" time="10.760" classname="test_case.F_C_Test"/>
</testsuite> <!-- test_case.F_C_Test -->
