<?xml version="1.0" encoding="UTF-8"?>
<!-- Generated by org.testng.reporters.JUnitReportReporter -->
<testsuite hostname="Rocky" name="MyMavenProject.MavenProject.Datepicker" tests="1" failures="0" timestamp="15 Feb 2018 20:49:44 GMT" time="1.080" errors="0">
  <testcase name="datepickertest" time="1.080" classname="MyMavenProject.MavenProject.Datepicker"/>
</testsuite> <!-- MyMavenProject.MavenProject.Datepicker -->
