<?xml version="1.0" encoding="UTF-8"?>
<!-- Generated by org.testng.reporters.JUnitReportReporter -->
<testsuite hostname="Rocky" name="MyMavenProject.MavenProject.CreateAcountOnFacebook" tests="1" failures="0" timestamp="15 Feb 2018 21:07:01 GMT" time="0.686" errors="0">
  <testcase name="test" time="0.686" classname="MyMavenProject.MavenProject.CreateAcountOnFacebook"/>
</testsuite> <!-- MyMavenProject.MavenProject.CreateAcountOnFacebook -->
