<?xml version="1.0" encoding="UTF-8"?>
<!-- Generated by org.testng.reporters.JUnitReportReporter -->
<testsuite hostname="Rocky" name="MyMavenProject.MavenProject.FacebookLogin" tests="1" failures="0" timestamp="1 Mar 2018 16:10:50 GMT" time="2.917" errors="0">
  <testcase name="testcase" time="2.917" classname="MyMavenProject.MavenProject.FacebookLogin"/>
</testsuite> <!-- MyMavenProject.MavenProject.FacebookLogin -->
