<?xml version="1.0" encoding="UTF-8"?>
<!-- Generated by org.testng.reporters.JUnitReportReporter -->
<testsuite hostname="Rocky" name="MyMavenProject.MavenProject.Datepicker" tests="1" failures="0" timestamp="1 Mar 2018 16:10:50 GMT" time="1.353" errors="0">
  <testcase name="datepickertest" time="1.353" classname="MyMavenProject.MavenProject.Datepicker"/>
</testsuite> <!-- MyMavenProject.MavenProject.Datepicker -->
